********************************************************************************
PACKAGE-LOG: 2015-09-21 20:10:49
NOTICE: Do NOT post to public sites or forums 
********************************************************************************
VERSION:	0.5.30
WORDPRESS:	4.3.1
PHP INFO:	5.6.10 | SAPI: apache2handler
SERVER:		Apache/2.2.29 (Unix) mod_wsgi/3.5 Python/2.7.10 PHP/5.6.10 mod_ssl/2.2.29 OpenSSL/0.9.8zg DAV/2 mod_fastcgi/2.4.6 mod_perl/2.0.9 Perl/v5.22.0 
PHP TIME LIMIT: (0) no time limit imposed 
PHP MAX MEMORY: 5000M (128M default) 
MEMORY STACK: 28.25MB 

********************************************************************************
DATABASE:
********************************************************************************
BUILD MODE:   PHP(query limit - 100)
MYSQLTIMEOUT: 5000
MYSQLDUMP:    Not Supported 
TABLES: total:15 | filtered:0 | create:15 
FILTERED: [] 
SQL CREATED: noon1_site_5600642312ff51867150921201011_database.sql 
file size:617088 
SQL FILE SIZE: 602.63KB 
SQL FILE TIME: 2015-09-21 20:10:49 
SQL RUNTIME: 0.13 sec. 

******************************************************************************** 
ARCHIVE (ZIP): 
******************************************************************************** 
ARCHIVE DIR:  /Users/artist/Documents/WP_Projects/Pastor 
ARCHIVE FILE: noon1_site_5600642312ff51867150921201011_archive.zip 
FILTERS: *OFF* 
DIRS:  not set 
EXTS:  not set 
---------------------------------------- 
COMPRESSING 
SIZE:	44.13MB 
STATS:	Dirs 326 | Files 2,520 
SQL ADDED: noon1_site_5600642312ff51867150921201011_database.sql 
ZipArchive Object
(
    [status] => 0
    [statusSys] => 0
    [numFiles] => 2846
    [filename] => /Users/artist/Documents/WP_Projects/Pastor/wp-snapshots/tmp/noon1_site_5600642312ff51867150921201011_archive.zip
    [comment] => 
)
 
COMPRESSION RESULT: '1' 
COMPRESSED SIZE: 20.4MB 
ARCHIVE RUNTIME: 9.37 sec. 
MEMORY STACK: 29.5MB 

******************************************************************************** 
MAKE INSTALLER: 
******************************************************************************** 
Build Start 
Build Finished 
Preping for use 
Template parsed with new data 
Complete [/Users/artist/Documents/WP_Projects/Pastor/wp-snapshots/tmp/noon1_site_5600642312ff51867150921201011_installer.php] 
Added to archive 

******************************************************************************** 
INTEGRITY CHECKS: 
******************************************************************************** 
SQL File: 602.63KB 
Installer File: 317.75KB 
Archive File: 20.4MB  

********************************************************************************
RECORD ID:[1]
TOTAL PROCESS RUNTIME: 9.98 sec.
PEAK PHP MEMORY USED: 32MB
DONE PROCESSING => noon1_site 2015-09-21 20:10:59
 
